d:\documents\github\z-personal\learn-opengl\x64\debug\vc143.pdb
d:\documents\github\z-personal\learn-opengl\x64\debug\vc143.idb
d:\documents\github\z-personal\learn-opengl\x64\debug\glad.obj
d:\documents\github\z-personal\learn-opengl\x64\debug\deferred_shading_volumes.obj
d:\documents\github\z-personal\learn-opengl\x64\debug\deferred_shading.obj
d:\documents\github\z-personal\learn-opengl\x64\debug\shadow_mapping_depth.obj
d:\documents\github\z-personal\learn-opengl\x64\debug\shadow_mapping_base.obj
d:\documents\github\z-personal\learn-opengl\x64\debug\3.1.3.shadow_mapping.obj
d:\documents\github\z-personal\learn-opengl\x64\debug\learn-opengl.exe
d:\documents\github\z-personal\learn-opengl\x64\debug\learn-opengl.ilk
d:\documents\github\z-personal\learn-opengl\x64\debug\learn-opengl.pdb
d:\documents\github\z-personal\learn-opengl\x64\debug\2.2.hello_triangle_indexed.obj
d:\documents\github\z-personal\learn-opengl\x64\debug\3.2.shaders_interpolation.obj
d:\documents\github\z-personal\learn-opengl\x64\debug\advanced_glsl_ubo.obj
d:\documents\github\z-personal\learn-opengl\x64\debug\advanced_lighting.obj
d:\documents\github\z-personal\learn-opengl\x64\debug\anti_aliasing_multisampling.obj
d:\documents\github\z-personal\learn-opengl\x64\debug\anti_aliasing_offscreen.obj
d:\documents\github\z-personal\learn-opengl\x64\debug\asteroids.obj
d:\documents\github\z-personal\learn-opengl\x64\debug\asteroids_instanced.obj
d:\documents\github\z-personal\learn-opengl\x64\debug\basic_lighting_diffuse.obj
d:\documents\github\z-personal\learn-opengl\x64\debug\basic_lighting_specular.obj
d:\documents\github\z-personal\learn-opengl\x64\debug\blending_discard.obj
d:\documents\github\z-personal\learn-opengl\x64\debug\blending_sorted.obj
d:\documents\github\z-personal\learn-opengl\x64\debug\bloom.obj
d:\documents\github\z-personal\learn-opengl\x64\debug\camera_circle.obj
d:\documents\github\z-personal\learn-opengl\x64\debug\camera_class.obj
d:\documents\github\z-personal\learn-opengl\x64\debug\camera_keyboard_dt.obj
d:\documents\github\z-personal\learn-opengl\x64\debug\camera_mouse_zoom.obj
d:\documents\github\z-personal\learn-opengl\x64\debug\colors.obj
d:\documents\github\z-personal\learn-opengl\x64\debug\coordinate_systems.obj
d:\documents\github\z-personal\learn-opengl\x64\debug\coordinate_systems_depth.obj
d:\documents\github\z-personal\learn-opengl\x64\debug\coordinate_systems_multiple.obj
d:\documents\github\z-personal\learn-opengl\x64\debug\cubemaps_environment_mapping.obj
d:\documents\github\z-personal\learn-opengl\x64\debug\cubemaps_skybox.obj
d:\documents\github\z-personal\learn-opengl\x64\debug\depth_testing.obj
d:\documents\github\z-personal\learn-opengl\x64\debug\depth_testing_view.obj
d:\documents\github\z-personal\learn-opengl\x64\debug\face_culling.obj
d:\documents\github\z-personal\learn-opengl\x64\debug\framebuffers.obj
d:\documents\github\z-personal\learn-opengl\x64\debug\gamma_correction.obj
d:\documents\github\z-personal\learn-opengl\x64\debug\geometry_shader_exploding.obj
d:\documents\github\z-personal\learn-opengl\x64\debug\geometry_shader_houses.obj
d:\documents\github\z-personal\learn-opengl\x64\debug\hdr.obj
d:\documents\github\z-personal\learn-opengl\x64\debug\instancing_quads.obj
d:\documents\github\z-personal\learn-opengl\x64\debug\lighting_maps_diffuse.obj
d:\documents\github\z-personal\learn-opengl\x64\debug\lighting_maps_specular.obj
d:\documents\github\z-personal\learn-opengl\x64\debug\light_casters_directional.obj
d:\documents\github\z-personal\learn-opengl\x64\debug\light_casters_point.obj
d:\documents\github\z-personal\learn-opengl\x64\debug\light_casters_spot.obj
d:\documents\github\z-personal\learn-opengl\x64\debug\light_casters_spot_soft.obj
d:\documents\github\z-personal\learn-opengl\x64\debug\materials.obj
d:\documents\github\z-personal\learn-opengl\x64\debug\model_loading.obj
d:\documents\github\z-personal\learn-opengl\x64\debug\multiple_lights.obj
d:\documents\github\z-personal\learn-opengl\x64\debug\normal_mapping.obj
d:\documents\github\z-personal\learn-opengl\x64\debug\normal_visualization.obj
d:\documents\github\z-personal\learn-opengl\x64\debug\stencil_testing.obj
d:\documents\github\z-personal\learn-opengl\x64\debug\textures_combined.obj
d:\documents\github\z-personal\learn-opengl\x64\debug\transformations.obj
d:\documents\github\z-personal\learn-opengl\x64\debug\coordinate_systems_depth.obj.enc
d:\documents\github\z-personal\learn-opengl\x64\debug\cubemaps_environment_mapping.obj.enc
d:\documents\github\z-personal\learn-opengl\x64\debug\cubemaps_skybox.obj.enc
d:\documents\github\z-personal\learn-opengl\x64\debug\model_loading.obj.enc
d:\documents\github\z-personal\learn-opengl\x64\debug\learn-opengl.tlog\cl.command.1.tlog
d:\documents\github\z-personal\learn-opengl\x64\debug\learn-opengl.tlog\cl.read.1.tlog
d:\documents\github\z-personal\learn-opengl\x64\debug\learn-opengl.tlog\cl.write.1.tlog
d:\documents\github\z-personal\learn-opengl\x64\debug\learn-opengl.tlog\link.command.1.tlog
d:\documents\github\z-personal\learn-opengl\x64\debug\learn-opengl.tlog\link.read.1.tlog
d:\documents\github\z-personal\learn-opengl\x64\debug\learn-opengl.tlog\link.write.1.tlog
